<?xml version="1.0" encoding="UTF-8"?>
<coverage generated="1566409718371" clover="3.2.0">
  <project timestamp="1566409718372" name="All files">
    <metrics statements="16" coveredstatements="8" conditionals="2" coveredconditionals="1" methods="11" coveredmethods="1" elements="29" coveredelements="10" complexity="0" loc="16" ncloc="16" packages="1" files="3" classes="3"/>
    <file name="BigNav.js" path="/Users/dominicolije/Documents/projects/Banka-react/src/Components/NavComponents/BigNav.js">
      <metrics statements="5" coveredstatements="2" conditionals="0" coveredconditionals="0" methods="4" coveredmethods="0"/>
      <line num="5" count="1" type="stmt"/>
      <line num="14" count="0" type="stmt"/>
      <line num="53" count="1" type="stmt"/>
      <line num="54" count="0" type="stmt"/>
      <line num="55" count="0" type="stmt"/>
    </file>
    <file name="Navbar.js" path="/Users/dominicolije/Documents/projects/Banka-react/src/Components/NavComponents/Navbar.js">
      <metrics statements="6" coveredstatements="4" conditionals="2" coveredconditionals="1" methods="3" coveredmethods="1"/>
      <line num="6" count="1" type="stmt"/>
      <line num="7" count="1" type="stmt"/>
      <line num="8" count="1" type="stmt"/>
      <line num="9" count="0" type="stmt"/>
      <line num="10" count="0" type="stmt"/>
      <line num="13" count="1" type="stmt"/>
    </file>
    <file name="SmallNav.js" path="/Users/dominicolije/Documents/projects/Banka-react/src/Components/NavComponents/SmallNav.js">
      <metrics statements="5" coveredstatements="2" conditionals="0" coveredconditionals="0" methods="4" coveredmethods="0"/>
      <line num="5" count="1" type="stmt"/>
      <line num="14" count="0" type="stmt"/>
      <line num="50" count="1" type="stmt"/>
      <line num="51" count="0" type="stmt"/>
      <line num="52" count="0" type="stmt"/>
    </file>
  </project>
</coverage>
