{"/Users/dominicolije/Documents/projects/Banka-react/src/components/Navbar.js": {"path":"/Users/dominicolije/Documents/projects/Banka-react/src/components/Navbar.js","statementMap":{"0":{"start":{"line":4,"column":15},"end":{"line":38,"column":1}},"1":{"start":{"line":5,"column":2},"end":{"line":37,"column":4}}},"fnMap":{"0":{"name":"(anonymous_0)","decl":{"start":{"line":4,"column":15},"end":{"line":4,"column":16}},"loc":{"start":{"line":4,"column":24},"end":{"line":38,"column":1}},"line":4}},"branchMap":{},"s":{"0":1,"1":1},"f":{"0":1},"b":{},"_coverageSchema":"43e27e138ebf9cfc5966b082cf9a028302ed4184","hash":"32b5268b2a547ac8e3f8b9c281834fe7ac0f27ec"}
}
