{"/Users/dominicolije/Documents/projects/Banka-react/src/Components/NavComponents/BigNav.js": {"path":"/Users/dominicolije/Documents/projects/Banka-react/src/Components/NavComponents/BigNav.js","statementMap":{"0":{"start":{"line":5,"column":15},"end":{"line":50,"column":1}},"1":{"start":{"line":13,"column":2},"end":{"line":49,"column":4}},"2":{"start":{"line":52,"column":27},"end":{"line":55,"column":2}},"3":{"start":{"line":52,"column":40},"end":{"line":55,"column":1}},"4":{"start":{"line":53,"column":29},"end":{"line":53,"column":62}},"5":{"start":{"line":54,"column":28},"end":{"line":54,"column":60}}},"fnMap":{"0":{"name":"(anonymous_0)","decl":{"start":{"line":5,"column":15},"end":{"line":5,"column":16}},"loc":{"start":{"line":12,"column":30},"end":{"line":50,"column":1}},"line":12},"1":{"name":"(anonymous_1)","decl":{"start":{"line":52,"column":27},"end":{"line":52,"column":28}},"loc":{"start":{"line":52,"column":40},"end":{"line":55,"column":1}},"line":52},"2":{"name":"(anonymous_2)","decl":{"start":{"line":53,"column":23},"end":{"line":53,"column":24}},"loc":{"start":{"line":53,"column":29},"end":{"line":53,"column":62}},"line":53},"3":{"name":"(anonymous_3)","decl":{"start":{"line":54,"column":22},"end":{"line":54,"column":23}},"loc":{"start":{"line":54,"column":28},"end":{"line":54,"column":60}},"line":54}},"branchMap":{},"s":{"0":1,"1":0,"2":1,"3":0,"4":0,"5":0},"f":{"0":0,"1":0,"2":0,"3":0},"b":{},"_coverageSchema":"43e27e138ebf9cfc5966b082cf9a028302ed4184","hash":"4144596f7d9068a54296f84a4c8db3ccdccfec4e"}
,"/Users/dominicolije/Documents/projects/Banka-react/src/Components/NavComponents/Navbar.js": {"path":"/Users/dominicolije/Documents/projects/Banka-react/src/Components/NavComponents/Navbar.js","statementMap":{"0":{"start":{"line":6,"column":15},"end":{"line":34,"column":1}},"1":{"start":{"line":7,"column":44},"end":{"line":7,"column":55}},"2":{"start":{"line":8,"column":2},"end":{"line":12,"column":23}},"3":{"start":{"line":9,"column":4},"end":{"line":11,"column":6}},"4":{"start":{"line":10,"column":6},"end":{"line":10,"column":60}},"5":{"start":{"line":13,"column":2},"end":{"line":33,"column":4}}},"fnMap":{"0":{"name":"(anonymous_0)","decl":{"start":{"line":6,"column":15},"end":{"line":6,"column":16}},"loc":{"start":{"line":6,"column":24},"end":{"line":34,"column":1}},"line":6},"1":{"name":"(anonymous_1)","decl":{"start":{"line":8,"column":12},"end":{"line":8,"column":13}},"loc":{"start":{"line":8,"column":18},"end":{"line":12,"column":3}},"line":8},"2":{"name":"(anonymous_2)","decl":{"start":{"line":9,"column":22},"end":{"line":9,"column":23}},"loc":{"start":{"line":9,"column":28},"end":{"line":11,"column":5}},"line":9}},"branchMap":{"0":{"loc":{"start":{"line":15,"column":7},"end":{"line":31,"column":7}},"type":"cond-expr","locations":[{"start":{"line":16,"column":8},"end":{"line":22,"column":10}},{"start":{"line":24,"column":8},"end":{"line":30,"column":10}}],"line":15}},"s":{"0":1,"1":1,"2":1,"3":0,"4":0,"5":1},"f":{"0":1,"1":0,"2":0},"b":{"0":[0,1]},"_coverageSchema":"43e27e138ebf9cfc5966b082cf9a028302ed4184","hash":"97b03410da82c731ccfb7bce1578868be624d657"}
,"/Users/dominicolije/Documents/projects/Banka-react/src/Components/NavComponents/SmallNav.js": {"path":"/Users/dominicolije/Documents/projects/Banka-react/src/Components/NavComponents/SmallNav.js","statementMap":{"0":{"start":{"line":5,"column":17},"end":{"line":48,"column":1}},"1":{"start":{"line":14,"column":2},"end":{"line":47,"column":4}},"2":{"start":{"line":50,"column":27},"end":{"line":53,"column":2}},"3":{"start":{"line":50,"column":40},"end":{"line":53,"column":1}},"4":{"start":{"line":51,"column":29},"end":{"line":51,"column":62}},"5":{"start":{"line":52,"column":28},"end":{"line":52,"column":60}}},"fnMap":{"0":{"name":"(anonymous_0)","decl":{"start":{"line":5,"column":17},"end":{"line":5,"column":18}},"loc":{"start":{"line":13,"column":6},"end":{"line":48,"column":1}},"line":13},"1":{"name":"(anonymous_1)","decl":{"start":{"line":50,"column":27},"end":{"line":50,"column":28}},"loc":{"start":{"line":50,"column":40},"end":{"line":53,"column":1}},"line":50},"2":{"name":"(anonymous_2)","decl":{"start":{"line":51,"column":23},"end":{"line":51,"column":24}},"loc":{"start":{"line":51,"column":29},"end":{"line":51,"column":62}},"line":51},"3":{"name":"(anonymous_3)","decl":{"start":{"line":52,"column":22},"end":{"line":52,"column":23}},"loc":{"start":{"line":52,"column":28},"end":{"line":52,"column":60}},"line":52}},"branchMap":{},"s":{"0":1,"1":0,"2":1,"3":0,"4":0,"5":0},"f":{"0":0,"1":0,"2":0,"3":0},"b":{},"_coverageSchema":"43e27e138ebf9cfc5966b082cf9a028302ed4184","hash":"c40cd6e2b1f00cef43970199c4124d4e4fc8a244"}
}
