TN:
SF:/Users/dominicolije/Documents/projects/Banka-react/src/Components/NavComponents/BigNav.js
FN:5,(anonymous_0)
FN:52,(anonymous_1)
FN:53,(anonymous_2)
FN:54,(anonymous_3)
FNF:4
FNH:0
FNDA:0,(anonymous_0)
FNDA:0,(anonymous_1)
FNDA:0,(anonymous_2)
FNDA:0,(anonymous_3)
DA:5,1
DA:13,0
DA:52,1
DA:53,0
DA:54,0
LF:5
LH:2
BRF:0
BRH:0
end_of_record
TN:
SF:/Users/dominicolije/Documents/projects/Banka-react/src/Components/NavComponents/Navbar.js
FN:6,(anonymous_0)
FN:8,(anonymous_1)
FN:9,(anonymous_2)
FNF:3
FNH:1
FNDA:1,(anonymous_0)
FNDA:0,(anonymous_1)
FNDA:0,(anonymous_2)
DA:6,1
DA:7,1
DA:8,1
DA:9,0
DA:10,0
DA:13,1
LF:6
LH:4
BRDA:15,0,0,0
BRDA:15,0,1,1
BRF:2
BRH:1
end_of_record
TN:
SF:/Users/dominicolije/Documents/projects/Banka-react/src/Components/NavComponents/SmallNav.js
FN:5,(anonymous_0)
FN:50,(anonymous_1)
FN:51,(anonymous_2)
FN:52,(anonymous_3)
FNF:4
FNH:0
FNDA:0,(anonymous_0)
FNDA:0,(anonymous_1)
FNDA:0,(anonymous_2)
FNDA:0,(anonymous_3)
DA:5,1
DA:14,0
DA:50,1
DA:51,0
DA:52,0
LF:5
LH:2
BRF:0
BRH:0
end_of_record
